Determining if the pthread_create exist failed with the following output:
Change Dir: /opt/ros/melodic/share/drone_ros/plugins/build/CMakeFiles/CMakeTmp

Run Build Command:"/usr/bin/make" "cmTC_b4245/fast"
/usr/bin/make -f CMakeFiles/cmTC_b4245.dir/build.make CMakeFiles/cmTC_b4245.dir/build
make[1]: se entra en el directorio '/opt/ros/melodic/share/drone_ros/plugins/build/CMakeFiles/CMakeTmp'
Building C object CMakeFiles/cmTC_b4245.dir/CheckSymbolExists.c.o
/usr/bin/cc    -o CMakeFiles/cmTC_b4245.dir/CheckSymbolExists.c.o   -c /opt/ros/melodic/share/drone_ros/plugins/build/CMakeFiles/CMakeTmp/CheckSymbolExists.c
Linking C executable cmTC_b4245
/usr/bin/cmake -E cmake_link_script CMakeFiles/cmTC_b4245.dir/link.txt --verbose=1
/usr/bin/cc      -rdynamic CMakeFiles/cmTC_b4245.dir/CheckSymbolExists.c.o  -o cmTC_b4245 
CMakeFiles/cmTC_b4245.dir/CheckSymbolExists.c.o: En la función `main':
CheckSymbolExists.c:(.text+0x1b): referencia a `pthread_create' sin definir
collect2: error: ld returned 1 exit status
CMakeFiles/cmTC_b4245.dir/build.make:97: recipe for target 'cmTC_b4245' failed
make[1]: *** [cmTC_b4245] Error 1
make[1]: se sale del directorio '/opt/ros/melodic/share/drone_ros/plugins/build/CMakeFiles/CMakeTmp'
Makefile:126: recipe for target 'cmTC_b4245/fast' failed
make: *** [cmTC_b4245/fast] Error 2

File /opt/ros/melodic/share/drone_ros/plugins/build/CMakeFiles/CMakeTmp/CheckSymbolExists.c:
/* */
#include <pthread.h>

int main(int argc, char** argv)
{
  (void)argv;
#ifndef pthread_create
  return ((int*)(&pthread_create))[argc];
#else
  (void)argc;
  return 0;
#endif
}

Determining if the function pthread_create exists in the pthreads failed with the following output:
Change Dir: /opt/ros/melodic/share/drone_ros/plugins/build/CMakeFiles/CMakeTmp

Run Build Command:"/usr/bin/make" "cmTC_a7e25/fast"
/usr/bin/make -f CMakeFiles/cmTC_a7e25.dir/build.make CMakeFiles/cmTC_a7e25.dir/build
make[1]: se entra en el directorio '/opt/ros/melodic/share/drone_ros/plugins/build/CMakeFiles/CMakeTmp'
Building C object CMakeFiles/cmTC_a7e25.dir/CheckFunctionExists.c.o
/usr/bin/cc   -DCHECK_FUNCTION_EXISTS=pthread_create   -o CMakeFiles/cmTC_a7e25.dir/CheckFunctionExists.c.o   -c /usr/share/cmake-3.10/Modules/CheckFunctionExists.c
Linking C executable cmTC_a7e25
/usr/bin/cmake -E cmake_link_script CMakeFiles/cmTC_a7e25.dir/link.txt --verbose=1
/usr/bin/cc  -DCHECK_FUNCTION_EXISTS=pthread_create    -rdynamic CMakeFiles/cmTC_a7e25.dir/CheckFunctionExists.c.o  -o cmTC_a7e25 -lpthreads 
/usr/bin/ld: no se puede encontrar -lpthreads
collect2: error: ld returned 1 exit status
CMakeFiles/cmTC_a7e25.dir/build.make:97: recipe for target 'cmTC_a7e25' failed
make[1]: *** [cmTC_a7e25] Error 1
make[1]: se sale del directorio '/opt/ros/melodic/share/drone_ros/plugins/build/CMakeFiles/CMakeTmp'
Makefile:126: recipe for target 'cmTC_a7e25/fast' failed
make: *** [cmTC_a7e25/fast] Error 2


