Performing C SOURCE FILE Test CMAKE_HAVE_LIBC_PTHREAD failed with the following output:
Change Dir: /opt/ros/noetic/share/drone_ros/plugins/build/CMakeFiles/CMakeTmp

Run Build Command(s):/usr/bin/make cmTC_b2ed0/fast && /usr/bin/make -f CMakeFiles/cmTC_b2ed0.dir/build.make CMakeFiles/cmTC_b2ed0.dir/build
make[1]: se entra en el directorio '/opt/ros/noetic/share/drone_ros/plugins/build/CMakeFiles/CMakeTmp'
Building C object CMakeFiles/cmTC_b2ed0.dir/src.c.o
/usr/bin/cc   -DCMAKE_HAVE_LIBC_PTHREAD   -o CMakeFiles/cmTC_b2ed0.dir/src.c.o   -c /opt/ros/noetic/share/drone_ros/plugins/build/CMakeFiles/CMakeTmp/src.c
Linking C executable cmTC_b2ed0
/usr/bin/cmake -E cmake_link_script CMakeFiles/cmTC_b2ed0.dir/link.txt --verbose=1
/usr/bin/cc  -DCMAKE_HAVE_LIBC_PTHREAD    -rdynamic CMakeFiles/cmTC_b2ed0.dir/src.c.o  -o cmTC_b2ed0 
/usr/bin/ld: CMakeFiles/cmTC_b2ed0.dir/src.c.o: en la función `main':
src.c:(.text+0x46): referencia a `pthread_create' sin definir
/usr/bin/ld: src.c:(.text+0x52): referencia a `pthread_detach' sin definir
/usr/bin/ld: src.c:(.text+0x63): referencia a `pthread_join' sin definir
collect2: error: ld returned 1 exit status
make[1]: *** [CMakeFiles/cmTC_b2ed0.dir/build.make:87: cmTC_b2ed0] Error 1
make[1]: se sale del directorio '/opt/ros/noetic/share/drone_ros/plugins/build/CMakeFiles/CMakeTmp'
make: *** [Makefile:121: cmTC_b2ed0/fast] Error 2


Source file was:
#include <pthread.h>

void* test_func(void* data)
{
  return data;
}

int main(void)
{
  pthread_t thread;
  pthread_create(&thread, NULL, test_func, NULL);
  pthread_detach(thread);
  pthread_join(thread, NULL);
  pthread_atfork(NULL, NULL, NULL);
  pthread_exit(NULL);

  return 0;
}

Determining if the function pthread_create exists in the pthreads failed with the following output:
Change Dir: /opt/ros/noetic/share/drone_ros/plugins/build/CMakeFiles/CMakeTmp

Run Build Command(s):/usr/bin/make cmTC_3a190/fast && /usr/bin/make -f CMakeFiles/cmTC_3a190.dir/build.make CMakeFiles/cmTC_3a190.dir/build
make[1]: se entra en el directorio '/opt/ros/noetic/share/drone_ros/plugins/build/CMakeFiles/CMakeTmp'
Building C object CMakeFiles/cmTC_3a190.dir/CheckFunctionExists.c.o
/usr/bin/cc   -DCHECK_FUNCTION_EXISTS=pthread_create   -o CMakeFiles/cmTC_3a190.dir/CheckFunctionExists.c.o   -c /usr/share/cmake-3.16/Modules/CheckFunctionExists.c
Linking C executable cmTC_3a190
/usr/bin/cmake -E cmake_link_script CMakeFiles/cmTC_3a190.dir/link.txt --verbose=1
/usr/bin/cc  -DCHECK_FUNCTION_EXISTS=pthread_create    -rdynamic CMakeFiles/cmTC_3a190.dir/CheckFunctionExists.c.o  -o cmTC_3a190  -lpthreads 
/usr/bin/ld: no se puede encontrar -lpthreads
collect2: error: ld returned 1 exit status
make[1]: *** [CMakeFiles/cmTC_3a190.dir/build.make:87: cmTC_3a190] Error 1
make[1]: se sale del directorio '/opt/ros/noetic/share/drone_ros/plugins/build/CMakeFiles/CMakeTmp'
make: *** [Makefile:121: cmTC_3a190/fast] Error 2



